2026-03-05 08:42:02,932 - __main__ - INFO - ============================================================
2026-03-05 08:42:02,932 - __main__ - INFO - TRAIN DATA COLLECTION STARTED
2026-03-05 08:42:02,932 - __main__ - INFO - ============================================================
2026-03-05 08:42:02,932 - __main__ - INFO - Date: today
2026-03-05 08:42:02,932 - __main__ - INFO - Max routes: 36
2026-03-05 08:42:02,933 - __main__ - INFO - Weather collection: disabled (use separate forecast collection)
2026-03-05 08:42:02,933 - __main__ - INFO - Mode: INCREMENTAL (merge)
2026-03-05 08:42:02,933 - __main__ - INFO - ============================================================

2026-03-05 08:42:02,933 - root - INFO - Collecting train data for 2026-03-05
2026-03-05 08:42:02,933 - root - INFO - Max routes: 36
2026-03-05 08:46:42,053 - root - INFO - Fetched 506 trains from API
2026-03-05 08:46:42,108 - root - INFO - Converted to DataFrame: 5817 rows × 23 columns
2026-03-05 08:46:42,120 - root - INFO - Incremental save mode: 5817 new records
2026-03-05 08:46:42,147 - utils.incremental_merge - INFO - Loaded 6622 existing records from trains_20260305.csv
2026-03-05 08:46:42,271 - utils.incremental_merge - INFO - Merge analysis: 1214 new, 4603 to update, 2019 unchanged
2026-03-05 08:46:42,296 - utils.incremental_merge - INFO - Adding 1214 completely new records
2026-03-05 08:47:03,780 - utils.incremental_merge - INFO - Updated 4603 records, preserved 0 records
2026-03-05 08:47:05,284 - utils.incremental_merge - INFO - Merge complete: 7836 total records
2026-03-05 08:47:05,566 - root - INFO - Saved 7836 total records to data/collected/trains_20260305.csv
2026-03-05 08:47:05,566 - root - INFO - File size: 1790.65 KB
2026-03-05 08:47:05,650 - root - INFO - 
============================================================
2026-03-05 08:47:05,650 - root - INFO - COLLECTION SUMMARY
2026-03-05 08:47:05,650 - root - INFO - ============================================================
2026-03-05 08:47:05,650 - root - INFO - Total records: 5817
2026-03-05 08:47:05,651 - root - INFO - Unique trains: 506
2026-03-05 08:47:05,651 - root - INFO - Unique routes: 29
2026-03-05 08:47:05,651 - root - INFO - Unique stations: 270
2026-03-05 08:47:05,652 - root - INFO - 
Realtime data:
2026-03-05 08:47:05,652 - root - INFO -   - Modified states: 0 (0.0%)
2026-03-05 08:47:05,652 - root - INFO -   - Records with delays: 0 (0.0%)
2026-03-05 08:47:05,652 - root - INFO - ============================================================

2026-03-05 08:47:05,652 - __main__ - INFO - ============================================================
2026-03-05 08:47:05,652 - __main__ - INFO - COLLECTION COMPLETED SUCCESSFULLY
2026-03-05 08:47:05,652 - __main__ - INFO - ============================================================
