2026-03-05 23:53:01,590 - __main__ - INFO - ============================================================
2026-03-05 23:53:01,590 - __main__ - INFO - TRAIN DATA COLLECTION STARTED
2026-03-05 23:53:01,590 - __main__ - INFO - ============================================================
2026-03-05 23:53:01,590 - __main__ - INFO - Date: today
2026-03-05 23:53:01,590 - __main__ - INFO - Max routes: 36
2026-03-05 23:53:01,590 - __main__ - INFO - Weather collection: disabled (use separate forecast collection)
2026-03-05 23:53:01,590 - __main__ - INFO - Mode: INCREMENTAL (merge)
2026-03-05 23:53:01,591 - __main__ - INFO - ============================================================

2026-03-05 23:53:01,591 - root - INFO - Collecting train data for 2026-03-05
2026-03-05 23:53:01,591 - root - INFO - Max routes: 36
2026-03-05 23:58:11,439 - root - INFO - Fetched 563 trains from API
2026-03-05 23:58:11,499 - root - INFO - Converted to DataFrame: 6863 rows × 23 columns
2026-03-05 23:58:11,510 - root - INFO - Incremental save mode: 6863 new records
2026-03-05 23:58:11,544 - utils.incremental_merge - INFO - Loaded 7990 existing records from trains_20260305.csv
2026-03-05 23:58:11,696 - utils.incremental_merge - INFO - Merge analysis: 0 new, 6863 to update, 1127 unchanged
2026-03-05 23:58:11,706 - utils.incremental_merge - INFO - Adding 0 completely new records
2026-03-05 23:58:39,922 - utils.incremental_merge - INFO - Updated 6863 records, preserved 0 records
2026-03-05 23:58:42,507 - utils.incremental_merge - INFO - Merge complete: 7990 total records
2026-03-05 23:58:42,968 - root - INFO - Saved 7990 total records to data/collected/trains_20260305.csv
2026-03-05 23:58:42,968 - root - INFO - File size: 1825.46 KB
2026-03-05 23:58:43,079 - root - INFO - 
============================================================
2026-03-05 23:58:43,079 - root - INFO - COLLECTION SUMMARY
2026-03-05 23:58:43,079 - root - INFO - ============================================================
2026-03-05 23:58:43,079 - root - INFO - Total records: 6863
2026-03-05 23:58:43,080 - root - INFO - Unique trains: 563
2026-03-05 23:58:43,080 - root - INFO - Unique routes: 35
2026-03-05 23:58:43,080 - root - INFO - Unique stations: 289
2026-03-05 23:58:43,081 - root - INFO - 
Realtime data:
2026-03-05 23:58:43,081 - root - INFO -   - Modified states: 0 (0.0%)
2026-03-05 23:58:43,081 - root - INFO -   - Records with delays: 0 (0.0%)
2026-03-05 23:58:43,081 - root - INFO - ============================================================

2026-03-05 23:58:43,081 - __main__ - INFO - ============================================================
2026-03-05 23:58:43,081 - __main__ - INFO - COLLECTION COMPLETED SUCCESSFULLY
2026-03-05 23:58:43,081 - __main__ - INFO - ============================================================
