2026-03-06 14:39:47,271 - __main__ - INFO - ============================================================
2026-03-06 14:39:47,271 - __main__ - INFO - TRAIN DATA COLLECTION STARTED
2026-03-06 14:39:47,271 - __main__ - INFO - ============================================================
2026-03-06 14:39:47,271 - __main__ - INFO - Date: today
2026-03-06 14:39:47,271 - __main__ - INFO - Max routes: 36
2026-03-06 14:39:47,271 - __main__ - INFO - Weather collection: disabled (use separate forecast collection)
2026-03-06 14:39:47,271 - __main__ - INFO - Mode: INCREMENTAL (merge)
2026-03-06 14:39:47,271 - __main__ - INFO - ============================================================

2026-03-06 14:39:47,271 - root - INFO - Collecting train data for 2026-03-06
2026-03-06 14:39:47,271 - root - INFO - Max routes: 36
2026-03-06 14:44:24,587 - root - INFO - Fetched 475 trains from API
2026-03-06 14:44:24,640 - root - INFO - Converted to DataFrame: 5697 rows × 23 columns
2026-03-06 14:44:24,651 - root - INFO - Incremental save mode: 5697 new records
2026-03-06 14:44:24,685 - utils.incremental_merge - INFO - Loaded 7931 existing records from trains_20260306.csv
2026-03-06 14:44:24,817 - utils.incremental_merge - INFO - Merge analysis: 59 new, 5638 to update, 2293 unchanged
2026-03-06 14:44:24,835 - utils.incremental_merge - INFO - Adding 59 completely new records
2026-03-06 14:44:51,548 - utils.incremental_merge - INFO - Updated 5638 records, preserved 0 records
2026-03-06 14:44:53,387 - utils.incremental_merge - INFO - Merge complete: 7990 total records
2026-03-06 14:44:53,750 - root - INFO - Saved 7990 total records to data/collected/trains_20260306.csv
2026-03-06 14:44:53,750 - root - INFO - File size: 1825.46 KB
2026-03-06 14:44:53,853 - root - INFO - 
============================================================
2026-03-06 14:44:53,853 - root - INFO - COLLECTION SUMMARY
2026-03-06 14:44:53,853 - root - INFO - ============================================================
2026-03-06 14:44:53,853 - root - INFO - Total records: 5697
2026-03-06 14:44:53,854 - root - INFO - Unique trains: 475
2026-03-06 14:44:53,854 - root - INFO - Unique routes: 35
2026-03-06 14:44:53,855 - root - INFO - Unique stations: 287
2026-03-06 14:44:53,855 - root - INFO - 
Realtime data:
2026-03-06 14:44:53,856 - root - INFO -   - Modified states: 0 (0.0%)
2026-03-06 14:44:53,856 - root - INFO -   - Records with delays: 0 (0.0%)
2026-03-06 14:44:53,856 - root - INFO - ============================================================

2026-03-06 14:44:53,856 - __main__ - INFO - ============================================================
2026-03-06 14:44:53,856 - __main__ - INFO - COLLECTION COMPLETED SUCCESSFULLY
2026-03-06 14:44:53,856 - __main__ - INFO - ============================================================
