2026-03-04 14:39:34,414 - __main__ - INFO - ============================================================
2026-03-04 14:39:34,414 - __main__ - INFO - TRAIN DATA COLLECTION STARTED
2026-03-04 14:39:34,414 - __main__ - INFO - ============================================================
2026-03-04 14:39:34,414 - __main__ - INFO - Date: today
2026-03-04 14:39:34,414 - __main__ - INFO - Max routes: 36
2026-03-04 14:39:34,414 - __main__ - INFO - Weather collection: disabled (use separate forecast collection)
2026-03-04 14:39:34,414 - __main__ - INFO - Mode: INCREMENTAL (merge)
2026-03-04 14:39:34,414 - __main__ - INFO - ============================================================

2026-03-04 14:39:34,414 - root - INFO - Collecting train data for 2026-03-04
2026-03-04 14:39:34,414 - root - INFO - Max routes: 36
2026-03-04 14:45:18,289 - root - INFO - Fetched 447 trains from API
2026-03-04 14:45:18,343 - root - INFO - Converted to DataFrame: 5426 rows × 23 columns
2026-03-04 14:45:18,354 - root - INFO - Incremental save mode: 5426 new records
2026-03-04 14:45:18,354 - utils.incremental_merge - INFO - No existing file at data/collected/trains_20260304.csv, returning new data
2026-03-04 14:45:18,408 - root - INFO - Saved 5426 total records to data/collected/trains_20260304.csv
2026-03-04 14:45:18,408 - root - INFO - File size: 1241.12 KB
2026-03-04 14:45:18,441 - root - INFO - 
============================================================
2026-03-04 14:45:18,441 - root - INFO - COLLECTION SUMMARY
2026-03-04 14:45:18,441 - root - INFO - ============================================================
2026-03-04 14:45:18,441 - root - INFO - Total records: 5426
2026-03-04 14:45:18,442 - root - INFO - Unique trains: 447
2026-03-04 14:45:18,442 - root - INFO - Unique routes: 35
2026-03-04 14:45:18,442 - root - INFO - Unique stations: 277
2026-03-04 14:45:18,443 - root - INFO - 
Realtime data:
2026-03-04 14:45:18,444 - root - INFO -   - Modified states: 0 (0.0%)
2026-03-04 14:45:18,444 - root - INFO -   - Records with delays: 0 (0.0%)
2026-03-04 14:45:18,444 - root - INFO - ============================================================

2026-03-04 14:45:18,444 - __main__ - INFO - ============================================================
2026-03-04 14:45:18,444 - __main__ - INFO - COLLECTION COMPLETED SUCCESSFULLY
2026-03-04 14:45:18,444 - __main__ - INFO - ============================================================
