2026-03-05 20:38:05,988 - __main__ - INFO - ============================================================
2026-03-05 20:38:05,988 - __main__ - INFO - TRAIN DATA COLLECTION STARTED
2026-03-05 20:38:05,988 - __main__ - INFO - ============================================================
2026-03-05 20:38:05,988 - __main__ - INFO - Date: today
2026-03-05 20:38:05,988 - __main__ - INFO - Max routes: 36
2026-03-05 20:38:05,988 - __main__ - INFO - Weather collection: disabled (use separate forecast collection)
2026-03-05 20:38:05,988 - __main__ - INFO - Mode: INCREMENTAL (merge)
2026-03-05 20:38:05,988 - __main__ - INFO - ============================================================

2026-03-05 20:38:05,988 - root - INFO - Collecting train data for 2026-03-05
2026-03-05 20:38:05,988 - root - INFO - Max routes: 36
2026-03-05 20:41:53,902 - root - INFO - Fetched 467 trains from API
2026-03-05 20:41:53,954 - root - INFO - Converted to DataFrame: 5263 rows × 23 columns
2026-03-05 20:41:53,965 - root - INFO - Incremental save mode: 5263 new records
2026-03-05 20:41:53,998 - utils.incremental_merge - INFO - Loaded 7990 existing records from trains_20260305.csv
2026-03-05 20:41:54,129 - utils.incremental_merge - INFO - Merge analysis: 0 new, 5263 to update, 2727 unchanged
2026-03-05 20:41:54,149 - utils.incremental_merge - INFO - Adding 0 completely new records
2026-03-05 20:42:19,332 - utils.incremental_merge - INFO - Updated 5263 records, preserved 0 records
2026-03-05 20:42:21,079 - utils.incremental_merge - INFO - Merge complete: 7990 total records
2026-03-05 20:42:21,399 - root - INFO - Saved 7990 total records to data/collected/trains_20260305.csv
2026-03-05 20:42:21,399 - root - INFO - File size: 1825.46 KB
2026-03-05 20:42:21,493 - root - INFO - 
============================================================
2026-03-05 20:42:21,493 - root - INFO - COLLECTION SUMMARY
2026-03-05 20:42:21,493 - root - INFO - ============================================================
2026-03-05 20:42:21,494 - root - INFO - Total records: 5263
2026-03-05 20:42:21,494 - root - INFO - Unique trains: 467
2026-03-05 20:42:21,494 - root - INFO - Unique routes: 30
2026-03-05 20:42:21,495 - root - INFO - Unique stations: 270
2026-03-05 20:42:21,496 - root - INFO - 
Realtime data:
2026-03-05 20:42:21,496 - root - INFO -   - Modified states: 0 (0.0%)
2026-03-05 20:42:21,496 - root - INFO -   - Records with delays: 0 (0.0%)
2026-03-05 20:42:21,496 - root - INFO - ============================================================

2026-03-05 20:42:21,496 - __main__ - INFO - ============================================================
2026-03-05 20:42:21,496 - __main__ - INFO - COLLECTION COMPLETED SUCCESSFULLY
2026-03-05 20:42:21,496 - __main__ - INFO - ============================================================
