2026-03-05 18:50:50,295 - __main__ - INFO - ============================================================
2026-03-05 18:50:50,295 - __main__ - INFO - TRAIN DATA COLLECTION STARTED
2026-03-05 18:50:50,295 - __main__ - INFO - ============================================================
2026-03-05 18:50:50,295 - __main__ - INFO - Date: today
2026-03-05 18:50:50,296 - __main__ - INFO - Max routes: 36
2026-03-05 18:50:50,296 - __main__ - INFO - Weather collection: disabled (use separate forecast collection)
2026-03-05 18:50:50,296 - __main__ - INFO - Mode: INCREMENTAL (merge)
2026-03-05 18:50:50,296 - __main__ - INFO - ============================================================

2026-03-05 18:50:50,296 - root - INFO - Collecting train data for 2026-03-05
2026-03-05 18:50:50,296 - root - INFO - Max routes: 36
2026-03-05 18:56:37,896 - root - INFO - Fetched 597 trains from API
2026-03-05 18:56:37,969 - root - INFO - Converted to DataFrame: 7222 rows × 23 columns
2026-03-05 18:56:37,982 - root - INFO - Incremental save mode: 7222 new records
2026-03-05 18:56:38,014 - utils.incremental_merge - INFO - Loaded 7969 existing records from trains_20260305.csv
2026-03-05 18:56:38,164 - utils.incremental_merge - INFO - Merge analysis: 21 new, 7201 to update, 768 unchanged
2026-03-05 18:56:38,174 - utils.incremental_merge - INFO - Adding 21 completely new records
2026-03-05 18:57:14,643 - utils.incremental_merge - INFO - Updated 7201 records, preserved 0 records
2026-03-05 18:57:17,318 - utils.incremental_merge - INFO - Merge complete: 7990 total records
2026-03-05 18:57:17,801 - root - INFO - Saved 7990 total records to data/collected/trains_20260305.csv
2026-03-05 18:57:17,801 - root - INFO - File size: 1825.46 KB
2026-03-05 18:57:17,938 - root - INFO - 
============================================================
2026-03-05 18:57:17,938 - root - INFO - COLLECTION SUMMARY
2026-03-05 18:57:17,938 - root - INFO - ============================================================
2026-03-05 18:57:17,938 - root - INFO - Total records: 7222
2026-03-05 18:57:17,939 - root - INFO - Unique trains: 597
2026-03-05 18:57:17,939 - root - INFO - Unique routes: 36
2026-03-05 18:57:17,940 - root - INFO - Unique stations: 286
2026-03-05 18:57:17,940 - root - INFO - 
Realtime data:
2026-03-05 18:57:17,941 - root - INFO -   - Modified states: 0 (0.0%)
2026-03-05 18:57:17,941 - root - INFO -   - Records with delays: 0 (0.0%)
2026-03-05 18:57:17,941 - root - INFO - ============================================================

2026-03-05 18:57:17,941 - __main__ - INFO - ============================================================
2026-03-05 18:57:17,941 - __main__ - INFO - COLLECTION COMPLETED SUCCESSFULLY
2026-03-05 18:57:17,941 - __main__ - INFO - ============================================================
