2026-03-15 17:28:11,507 - __main__ - INFO - ============================================================
2026-03-15 17:28:11,507 - __main__ - INFO - TRAIN DATA COLLECTION STARTED
2026-03-15 17:28:11,507 - __main__ - INFO - ============================================================
2026-03-15 17:28:11,507 - __main__ - INFO - Date: today
2026-03-15 17:28:11,507 - __main__ - INFO - Max routes: all
2026-03-15 17:28:11,507 - __main__ - INFO - Weather collection: disabled (use separate forecast collection)
2026-03-15 17:28:11,508 - __main__ - INFO - Mode: INCREMENTAL (merge)
2026-03-15 17:28:11,508 - __main__ - INFO - ============================================================

2026-03-15 17:28:11,508 - root - INFO - Collecting train data for 2026-03-15
2026-03-15 17:28:11,508 - root - INFO - Max routes: all
2026-03-15 18:21:22,053 - root - INFO - Fetched 4641 trains from API
2026-03-15 18:21:22,480 - root - INFO - Converted to DataFrame: 58977 rows × 23 columns
2026-03-15 18:21:22,491 - root - INFO - Filtered to relevant trains: 58977 → 50752 records (removed 8225 future departures)
2026-03-15 18:21:22,533 - root - INFO - Incremental save mode: 50752 new records
2026-03-15 18:21:22,789 - utils.incremental_merge - INFO - Loaded 67475 existing records from trains_20260315.csv
2026-03-15 18:21:23,934 - utils.incremental_merge - INFO - Merge analysis: 13542 new, 37210 to update, 30265 unchanged
2026-03-15 18:21:24,183 - utils.incremental_merge - INFO - Adding 13542 completely new records
2026-03-15 18:24:41,025 - utils.incremental_merge - INFO - Updated 23570 records, preserved 13640 records
2026-03-15 18:24:54,979 - utils.incremental_merge - INFO - Merge complete: 81017 total records
2026-03-15 18:24:57,762 - root - INFO - Saved 81017 total records to data/collected/trains_20260315.csv
2026-03-15 18:24:57,762 - root - INFO - File size: 19503.01 KB
2026-03-15 18:24:58,605 - root - INFO - 
============================================================
2026-03-15 18:24:58,605 - root - INFO - COLLECTION SUMMARY
2026-03-15 18:24:58,605 - root - INFO - ============================================================
2026-03-15 18:24:58,605 - root - INFO - Total records: 50752
2026-03-15 18:24:58,606 - root - INFO - Unique trains: 4237
2026-03-15 18:24:58,607 - root - INFO - Unique routes: 489
2026-03-15 18:24:58,608 - root - INFO - Unique stations: 1328
2026-03-15 18:24:58,609 - root - INFO - 
Realtime data:
2026-03-15 18:24:58,609 - root - INFO -   - Modified states: 6805 (13.4%)
2026-03-15 18:24:58,609 - root - INFO -   - Records with delays: 5205 (10.3%)
2026-03-15 18:24:58,613 - root - INFO -   - Average delay: 5.0 minutes
2026-03-15 18:24:58,613 - root - INFO -   - Max delay: 88.0 minutes
2026-03-15 18:24:58,613 - root - INFO -   - Min delay: -28.0 minutes
2026-03-15 18:24:58,613 - root - INFO - ============================================================

2026-03-15 18:24:58,613 - __main__ - INFO - ============================================================
2026-03-15 18:24:58,613 - __main__ - INFO - COLLECTION COMPLETED SUCCESSFULLY
2026-03-15 18:24:58,613 - __main__ - INFO - ============================================================
