2026-03-08 23:25:22,231 - __main__ - INFO - ============================================================
2026-03-08 23:25:22,231 - __main__ - INFO - TRAIN DATA COLLECTION STARTED
2026-03-08 23:25:22,231 - __main__ - INFO - ============================================================
2026-03-08 23:25:22,231 - __main__ - INFO - Date: today
2026-03-08 23:25:22,231 - __main__ - INFO - Max routes: 36
2026-03-08 23:25:22,231 - __main__ - INFO - Weather collection: disabled (use separate forecast collection)
2026-03-08 23:25:22,231 - __main__ - INFO - Mode: INCREMENTAL (merge)
2026-03-08 23:25:22,231 - __main__ - INFO - ============================================================

2026-03-08 23:25:22,231 - root - INFO - Collecting train data for 2026-03-08
2026-03-08 23:25:22,231 - root - INFO - Max routes: 36
2026-03-08 23:31:38,326 - root - INFO - Fetched 518 trains from API
2026-03-08 23:31:38,386 - root - INFO - Converted to DataFrame: 5968 rows × 23 columns
2026-03-08 23:31:38,399 - root - INFO - Incremental save mode: 5968 new records
2026-03-08 23:31:38,433 - utils.incremental_merge - INFO - Loaded 8011 existing records from trains_20260308.csv
2026-03-08 23:31:38,572 - utils.incremental_merge - INFO - Merge analysis: 37 new, 5931 to update, 2080 unchanged
2026-03-08 23:31:38,590 - utils.incremental_merge - INFO - Adding 37 completely new records
2026-03-08 23:32:07,798 - utils.incremental_merge - INFO - Updated 5931 records, preserved 0 records
2026-03-08 23:32:09,937 - utils.incremental_merge - INFO - Merge complete: 8048 total records
2026-03-08 23:32:10,326 - root - INFO - Saved 8048 total records to data/collected/trains_20260308.csv
2026-03-08 23:32:10,326 - root - INFO - File size: 1838.48 KB
2026-03-08 23:32:10,435 - root - INFO - 
============================================================
2026-03-08 23:32:10,436 - root - INFO - COLLECTION SUMMARY
2026-03-08 23:32:10,436 - root - INFO - ============================================================
2026-03-08 23:32:10,436 - root - INFO - Total records: 5968
2026-03-08 23:32:10,436 - root - INFO - Unique trains: 518
2026-03-08 23:32:10,437 - root - INFO - Unique routes: 34
2026-03-08 23:32:10,437 - root - INFO - Unique stations: 277
2026-03-08 23:32:10,438 - root - INFO - 
Realtime data:
2026-03-08 23:32:10,438 - root - INFO -   - Modified states: 0 (0.0%)
2026-03-08 23:32:10,438 - root - INFO -   - Records with delays: 0 (0.0%)
2026-03-08 23:32:10,438 - root - INFO - ============================================================

2026-03-08 23:32:10,438 - __main__ - INFO - ============================================================
2026-03-08 23:32:10,438 - __main__ - INFO - COLLECTION COMPLETED SUCCESSFULLY
2026-03-08 23:32:10,438 - __main__ - INFO - ============================================================
