2026-03-21 23:25:39,077 - __main__ - INFO - ============================================================
2026-03-21 23:25:39,077 - __main__ - INFO - TRAIN DATA COLLECTION STARTED
2026-03-21 23:25:39,077 - __main__ - INFO - ============================================================
2026-03-21 23:25:39,077 - __main__ - INFO - Date: today
2026-03-21 23:25:39,077 - __main__ - INFO - Max routes: all
2026-03-21 23:25:39,077 - __main__ - INFO - Weather collection: disabled (use separate forecast collection)
2026-03-21 23:25:39,078 - __main__ - INFO - Mode: INCREMENTAL (merge)
2026-03-21 23:25:39,078 - __main__ - INFO - ============================================================

2026-03-21 23:25:39,078 - root - INFO - Collecting train data for 2026-03-21
2026-03-21 23:25:39,078 - root - INFO - Max routes: all
2026-03-22 00:17:10,510 - root - INFO - Fetched 5229 trains from API
2026-03-22 00:17:10,962 - root - INFO - Converted to DataFrame: 65156 rows × 23 columns
2026-03-22 00:17:10,970 - root - INFO - Filtered to relevant trains: 65156 → 15542 records (removed 49614 future departures)
2026-03-22 00:17:11,003 - root - INFO - Incremental save mode: 15542 new records
2026-03-22 00:17:11,003 - utils.incremental_merge - INFO - No existing file at data/collected/trains_20260322.csv, returning new data
2026-03-22 00:17:11,159 - root - INFO - Saved 15542 total records to data/collected/trains_20260322.csv
2026-03-22 00:17:11,159 - root - INFO - File size: 3722.00 KB
2026-03-22 00:17:11,225 - root - INFO - 
============================================================
2026-03-22 00:17:11,225 - root - INFO - COLLECTION SUMMARY
2026-03-22 00:17:11,225 - root - INFO - ============================================================
2026-03-22 00:17:11,225 - root - INFO - Total records: 15542
2026-03-22 00:17:11,225 - root - INFO - Unique trains: 1251
2026-03-22 00:17:11,226 - root - INFO - Unique routes: 286
2026-03-22 00:17:11,226 - root - INFO - Unique stations: 1034
2026-03-22 00:17:11,227 - root - INFO - 
Realtime data:
2026-03-22 00:17:11,227 - root - INFO -   - Modified states: 15115 (97.3%)
2026-03-22 00:17:11,227 - root - INFO -   - Records with delays: 8919 (57.4%)
2026-03-22 00:17:11,230 - root - INFO -   - Average delay: 2.8 minutes
2026-03-22 00:17:11,231 - root - INFO -   - Max delay: 110.0 minutes
2026-03-22 00:17:11,231 - root - INFO -   - Min delay: -28.0 minutes
2026-03-22 00:17:11,231 - root - INFO - ============================================================

2026-03-22 00:17:11,231 - __main__ - INFO - ============================================================
2026-03-22 00:17:11,231 - __main__ - INFO - COLLECTION COMPLETED SUCCESSFULLY
2026-03-22 00:17:11,231 - __main__ - INFO - ============================================================
