2026-03-08 17:23:41,524 - __main__ - INFO - ============================================================
2026-03-08 17:23:41,525 - __main__ - INFO - TRAIN DATA COLLECTION STARTED
2026-03-08 17:23:41,525 - __main__ - INFO - ============================================================
2026-03-08 17:23:41,525 - __main__ - INFO - Date: today
2026-03-08 17:23:41,525 - __main__ - INFO - Max routes: 36
2026-03-08 17:23:41,525 - __main__ - INFO - Weather collection: disabled (use separate forecast collection)
2026-03-08 17:23:41,525 - __main__ - INFO - Mode: INCREMENTAL (merge)
2026-03-08 17:23:41,525 - __main__ - INFO - ============================================================

2026-03-08 17:23:41,525 - root - INFO - Collecting train data for 2026-03-08
2026-03-08 17:23:41,525 - root - INFO - Max routes: 36
2026-03-08 17:27:13,717 - root - INFO - Fetched 360 trains from API
2026-03-08 17:27:13,761 - root - INFO - Converted to DataFrame: 4124 rows × 23 columns
2026-03-08 17:27:13,772 - root - INFO - Incremental save mode: 4124 new records
2026-03-08 17:27:13,807 - utils.incremental_merge - INFO - Loaded 7977 existing records from trains_20260308.csv
2026-03-08 17:27:13,927 - utils.incremental_merge - INFO - Merge analysis: 27 new, 4097 to update, 3880 unchanged
2026-03-08 17:27:13,954 - utils.incremental_merge - INFO - Adding 27 completely new records
2026-03-08 17:27:33,474 - utils.incremental_merge - INFO - Updated 4097 records, preserved 0 records
2026-03-08 17:27:34,721 - utils.incremental_merge - INFO - Merge complete: 8004 total records
2026-03-08 17:27:34,957 - root - INFO - Saved 8004 total records to data/collected/trains_20260308.csv
2026-03-08 17:27:34,957 - root - INFO - File size: 1827.38 KB
2026-03-08 17:27:35,032 - root - INFO - 
============================================================
2026-03-08 17:27:35,032 - root - INFO - COLLECTION SUMMARY
2026-03-08 17:27:35,032 - root - INFO - ============================================================
2026-03-08 17:27:35,032 - root - INFO - Total records: 4124
2026-03-08 17:27:35,033 - root - INFO - Unique trains: 360
2026-03-08 17:27:35,033 - root - INFO - Unique routes: 23
2026-03-08 17:27:35,034 - root - INFO - Unique stations: 249
2026-03-08 17:27:35,034 - root - INFO - 
Realtime data:
2026-03-08 17:27:35,034 - root - INFO -   - Modified states: 0 (0.0%)
2026-03-08 17:27:35,034 - root - INFO -   - Records with delays: 0 (0.0%)
2026-03-08 17:27:35,035 - root - INFO - ============================================================

2026-03-08 17:27:35,035 - __main__ - INFO - ============================================================
2026-03-08 17:27:35,035 - __main__ - INFO - COLLECTION COMPLETED SUCCESSFULLY
2026-03-08 17:27:35,035 - __main__ - INFO - ============================================================
