2026-03-06 23:29:13,113 - __main__ - INFO - ============================================================
2026-03-06 23:29:13,113 - __main__ - INFO - TRAIN DATA COLLECTION STARTED
2026-03-06 23:29:13,113 - __main__ - INFO - ============================================================
2026-03-06 23:29:13,113 - __main__ - INFO - Date: today
2026-03-06 23:29:13,113 - __main__ - INFO - Max routes: 36
2026-03-06 23:29:13,113 - __main__ - INFO - Weather collection: disabled (use separate forecast collection)
2026-03-06 23:29:13,113 - __main__ - INFO - Mode: INCREMENTAL (merge)
2026-03-06 23:29:13,113 - __main__ - INFO - ============================================================

2026-03-06 23:29:13,113 - root - INFO - Collecting train data for 2026-03-06
2026-03-06 23:29:13,113 - root - INFO - Max routes: 36
2026-03-06 23:33:19,263 - root - INFO - Fetched 392 trains from API
2026-03-06 23:33:19,306 - root - INFO - Converted to DataFrame: 4337 rows × 23 columns
2026-03-06 23:33:19,317 - root - INFO - Incremental save mode: 4337 new records
2026-03-06 23:33:19,351 - utils.incremental_merge - INFO - Loaded 7990 existing records from trains_20260306.csv
2026-03-06 23:33:19,472 - utils.incremental_merge - INFO - Merge analysis: 0 new, 4337 to update, 3653 unchanged
2026-03-06 23:33:19,498 - utils.incremental_merge - INFO - Adding 0 completely new records
2026-03-06 23:33:39,994 - utils.incremental_merge - INFO - Updated 4337 records, preserved 0 records
2026-03-06 23:33:41,314 - utils.incremental_merge - INFO - Merge complete: 7990 total records
2026-03-06 23:33:41,566 - root - INFO - Saved 7990 total records to data/collected/trains_20260306.csv
2026-03-06 23:33:41,566 - root - INFO - File size: 1825.46 KB
2026-03-06 23:33:41,649 - root - INFO - 
============================================================
2026-03-06 23:33:41,649 - root - INFO - COLLECTION SUMMARY
2026-03-06 23:33:41,649 - root - INFO - ============================================================
2026-03-06 23:33:41,649 - root - INFO - Total records: 4337
2026-03-06 23:33:41,650 - root - INFO - Unique trains: 392
2026-03-06 23:33:41,650 - root - INFO - Unique routes: 31
2026-03-06 23:33:41,651 - root - INFO - Unique stations: 262
2026-03-06 23:33:41,651 - root - INFO - 
Realtime data:
2026-03-06 23:33:41,652 - root - INFO -   - Modified states: 0 (0.0%)
2026-03-06 23:33:41,652 - root - INFO -   - Records with delays: 0 (0.0%)
2026-03-06 23:33:41,652 - root - INFO - ============================================================

2026-03-06 23:33:41,652 - __main__ - INFO - ============================================================
2026-03-06 23:33:41,652 - __main__ - INFO - COLLECTION COMPLETED SUCCESSFULLY
2026-03-06 23:33:41,652 - __main__ - INFO - ============================================================
