2026-03-11 14:46:43,156 - __main__ - INFO - ============================================================
2026-03-11 14:46:43,156 - __main__ - INFO - TRAIN DATA COLLECTION STARTED
2026-03-11 14:46:43,156 - __main__ - INFO - ============================================================
2026-03-11 14:46:43,156 - __main__ - INFO - Date: today
2026-03-11 14:46:43,156 - __main__ - INFO - Max routes: 36
2026-03-11 14:46:43,156 - __main__ - INFO - Weather collection: disabled (use separate forecast collection)
2026-03-11 14:46:43,156 - __main__ - INFO - Mode: INCREMENTAL (merge)
2026-03-11 14:46:43,156 - __main__ - INFO - ============================================================

2026-03-11 14:46:43,156 - root - INFO - Collecting train data for 2026-03-11
2026-03-11 14:46:43,157 - root - INFO - Max routes: 36
2026-03-11 14:51:12,946 - root - INFO - Fetched 458 trains from API
2026-03-11 14:51:13,009 - root - INFO - Converted to DataFrame: 5639 rows × 23 columns
2026-03-11 14:51:13,020 - root - INFO - Incremental save mode: 5639 new records
2026-03-11 14:51:13,050 - utils.incremental_merge - INFO - Loaded 7659 existing records from trains_20260311.csv
2026-03-11 14:51:13,173 - utils.incremental_merge - INFO - Merge analysis: 60 new, 5579 to update, 2080 unchanged
2026-03-11 14:51:13,191 - utils.incremental_merge - INFO - Adding 60 completely new records
2026-03-11 14:51:35,360 - utils.incremental_merge - INFO - Updated 5579 records, preserved 0 records
2026-03-11 14:51:37,017 - utils.incremental_merge - INFO - Merge complete: 7719 total records
2026-03-11 14:51:37,346 - root - INFO - Saved 7719 total records to data/collected/trains_20260311.csv
2026-03-11 14:51:37,346 - root - INFO - File size: 1764.61 KB
2026-03-11 14:51:37,448 - root - INFO - 
============================================================
2026-03-11 14:51:37,448 - root - INFO - COLLECTION SUMMARY
2026-03-11 14:51:37,448 - root - INFO - ============================================================
2026-03-11 14:51:37,448 - root - INFO - Total records: 5639
2026-03-11 14:51:37,449 - root - INFO - Unique trains: 458
2026-03-11 14:51:37,449 - root - INFO - Unique routes: 34
2026-03-11 14:51:37,450 - root - INFO - Unique stations: 276
2026-03-11 14:51:37,450 - root - INFO - 
Realtime data:
2026-03-11 14:51:37,450 - root - INFO -   - Modified states: 0 (0.0%)
2026-03-11 14:51:37,450 - root - INFO -   - Records with delays: 0 (0.0%)
2026-03-11 14:51:37,450 - root - INFO - ============================================================

2026-03-11 14:51:37,451 - __main__ - INFO - ============================================================
2026-03-11 14:51:37,451 - __main__ - INFO - COLLECTION COMPLETED SUCCESSFULLY
2026-03-11 14:51:37,451 - __main__ - INFO - ============================================================
