2026-03-07 04:01:54,477 - __main__ - INFO - ============================================================
2026-03-07 04:01:54,477 - __main__ - INFO - TRAIN DATA COLLECTION STARTED
2026-03-07 04:01:54,477 - __main__ - INFO - ============================================================
2026-03-07 04:01:54,477 - __main__ - INFO - Date: today
2026-03-07 04:01:54,478 - __main__ - INFO - Max routes: 36
2026-03-07 04:01:54,478 - __main__ - INFO - Weather collection: disabled (use separate forecast collection)
2026-03-07 04:01:54,478 - __main__ - INFO - Mode: INCREMENTAL (merge)
2026-03-07 04:01:54,478 - __main__ - INFO - ============================================================

2026-03-07 04:01:54,478 - root - INFO - Collecting train data for 2026-03-07
2026-03-07 04:01:54,478 - root - INFO - Max routes: 36
2026-03-07 04:05:38,664 - root - INFO - Fetched 422 trains from API
2026-03-07 04:05:38,710 - root - INFO - Converted to DataFrame: 5028 rows × 23 columns
2026-03-07 04:05:38,720 - root - INFO - Incremental save mode: 5028 new records
2026-03-07 04:05:38,721 - utils.incremental_merge - INFO - No existing file at data/collected/trains_20260307.csv, returning new data
2026-03-07 04:05:38,770 - root - INFO - Saved 5028 total records to data/collected/trains_20260307.csv
2026-03-07 04:05:38,770 - root - INFO - File size: 1148.63 KB
2026-03-07 04:05:38,800 - root - INFO - 
============================================================
2026-03-07 04:05:38,800 - root - INFO - COLLECTION SUMMARY
2026-03-07 04:05:38,800 - root - INFO - ============================================================
2026-03-07 04:05:38,800 - root - INFO - Total records: 5028
2026-03-07 04:05:38,800 - root - INFO - Unique trains: 422
2026-03-07 04:05:38,801 - root - INFO - Unique routes: 34
2026-03-07 04:05:38,801 - root - INFO - Unique stations: 273
2026-03-07 04:05:38,802 - root - INFO - 
Realtime data:
2026-03-07 04:05:38,802 - root - INFO -   - Modified states: 0 (0.0%)
2026-03-07 04:05:38,802 - root - INFO -   - Records with delays: 0 (0.0%)
2026-03-07 04:05:38,802 - root - INFO - ============================================================

2026-03-07 04:05:38,803 - __main__ - INFO - ============================================================
2026-03-07 04:05:38,803 - __main__ - INFO - COLLECTION COMPLETED SUCCESSFULLY
2026-03-07 04:05:38,803 - __main__ - INFO - ============================================================
