2026-03-08 04:13:26,821 - __main__ - INFO - ============================================================
2026-03-08 04:13:26,821 - __main__ - INFO - TRAIN DATA COLLECTION STARTED
2026-03-08 04:13:26,821 - __main__ - INFO - ============================================================
2026-03-08 04:13:26,821 - __main__ - INFO - Date: today
2026-03-08 04:13:26,821 - __main__ - INFO - Max routes: 36
2026-03-08 04:13:26,821 - __main__ - INFO - Weather collection: disabled (use separate forecast collection)
2026-03-08 04:13:26,821 - __main__ - INFO - Mode: INCREMENTAL (merge)
2026-03-08 04:13:26,821 - __main__ - INFO - ============================================================

2026-03-08 04:13:26,821 - root - INFO - Collecting train data for 2026-03-08
2026-03-08 04:13:26,821 - root - INFO - Max routes: 36
2026-03-08 04:18:40,533 - root - INFO - Fetched 447 trains from API
2026-03-08 04:18:40,582 - root - INFO - Converted to DataFrame: 5184 rows × 23 columns
2026-03-08 04:18:40,592 - root - INFO - Incremental save mode: 5184 new records
2026-03-08 04:18:40,592 - utils.incremental_merge - INFO - No existing file at data/collected/trains_20260308.csv, returning new data
2026-03-08 04:18:40,645 - root - INFO - Saved 5184 total records to data/collected/trains_20260308.csv
2026-03-08 04:18:40,645 - root - INFO - File size: 1190.58 KB
2026-03-08 04:18:40,674 - root - INFO - 
============================================================
2026-03-08 04:18:40,674 - root - INFO - COLLECTION SUMMARY
2026-03-08 04:18:40,674 - root - INFO - ============================================================
2026-03-08 04:18:40,674 - root - INFO - Total records: 5184
2026-03-08 04:18:40,674 - root - INFO - Unique trains: 447
2026-03-08 04:18:40,674 - root - INFO - Unique routes: 34
2026-03-08 04:18:40,675 - root - INFO - Unique stations: 268
2026-03-08 04:18:40,676 - root - INFO - 
Realtime data:
2026-03-08 04:18:40,676 - root - INFO -   - Modified states: 0 (0.0%)
2026-03-08 04:18:40,676 - root - INFO -   - Records with delays: 0 (0.0%)
2026-03-08 04:18:40,677 - root - INFO - ============================================================

2026-03-08 04:18:40,677 - __main__ - INFO - ============================================================
2026-03-08 04:18:40,677 - __main__ - INFO - COLLECTION COMPLETED SUCCESSFULLY
2026-03-08 04:18:40,677 - __main__ - INFO - ============================================================
