2026-03-06 04:11:59,718 - __main__ - INFO - ============================================================
2026-03-06 04:11:59,718 - __main__ - INFO - TRAIN DATA COLLECTION STARTED
2026-03-06 04:11:59,718 - __main__ - INFO - ============================================================
2026-03-06 04:11:59,718 - __main__ - INFO - Date: today
2026-03-06 04:11:59,718 - __main__ - INFO - Max routes: 36
2026-03-06 04:11:59,718 - __main__ - INFO - Weather collection: disabled (use separate forecast collection)
2026-03-06 04:11:59,718 - __main__ - INFO - Mode: INCREMENTAL (merge)
2026-03-06 04:11:59,718 - __main__ - INFO - ============================================================

2026-03-06 04:11:59,718 - root - INFO - Collecting train data for 2026-03-06
2026-03-06 04:11:59,718 - root - INFO - Max routes: 36
2026-03-06 04:16:32,545 - root - INFO - Fetched 544 trains from API
2026-03-06 04:16:32,600 - root - INFO - Converted to DataFrame: 6361 rows × 23 columns
2026-03-06 04:16:32,611 - root - INFO - Incremental save mode: 6361 new records
2026-03-06 04:16:32,611 - utils.incremental_merge - INFO - No existing file at data/collected/trains_20260306.csv, returning new data
2026-03-06 04:16:32,671 - root - INFO - Saved 6361 total records to data/collected/trains_20260306.csv
2026-03-06 04:16:32,671 - root - INFO - File size: 1455.90 KB
2026-03-06 04:16:32,707 - root - INFO - 
============================================================
2026-03-06 04:16:32,707 - root - INFO - COLLECTION SUMMARY
2026-03-06 04:16:32,707 - root - INFO - ============================================================
2026-03-06 04:16:32,708 - root - INFO - Total records: 6361
2026-03-06 04:16:32,708 - root - INFO - Unique trains: 544
2026-03-06 04:16:32,708 - root - INFO - Unique routes: 35
2026-03-06 04:16:32,709 - root - INFO - Unique stations: 283
2026-03-06 04:16:32,710 - root - INFO - 
Realtime data:
2026-03-06 04:16:32,710 - root - INFO -   - Modified states: 0 (0.0%)
2026-03-06 04:16:32,710 - root - INFO -   - Records with delays: 0 (0.0%)
2026-03-06 04:16:32,710 - root - INFO - ============================================================

2026-03-06 04:16:32,710 - __main__ - INFO - ============================================================
2026-03-06 04:16:32,710 - __main__ - INFO - COLLECTION COMPLETED SUCCESSFULLY
2026-03-06 04:16:32,710 - __main__ - INFO - ============================================================
