2026-03-06 11:30:30,220 - __main__ - INFO - ============================================================
2026-03-06 11:30:30,220 - __main__ - INFO - TRAIN DATA COLLECTION STARTED
2026-03-06 11:30:30,220 - __main__ - INFO - ============================================================
2026-03-06 11:30:30,220 - __main__ - INFO - Date: today
2026-03-06 11:30:30,220 - __main__ - INFO - Max routes: 36
2026-03-06 11:30:30,220 - __main__ - INFO - Weather collection: disabled (use separate forecast collection)
2026-03-06 11:30:30,220 - __main__ - INFO - Mode: INCREMENTAL (merge)
2026-03-06 11:30:30,220 - __main__ - INFO - ============================================================

2026-03-06 11:30:30,220 - root - INFO - Collecting train data for 2026-03-06
2026-03-06 11:30:30,221 - root - INFO - Max routes: 36
2026-03-06 11:36:13,771 - root - INFO - Fetched 489 trains from API
2026-03-06 11:36:13,826 - root - INFO - Converted to DataFrame: 5781 rows × 23 columns
2026-03-06 11:36:13,838 - root - INFO - Incremental save mode: 5781 new records
2026-03-06 11:36:13,870 - utils.incremental_merge - INFO - Loaded 7569 existing records from trains_20260306.csv
2026-03-06 11:36:13,999 - utils.incremental_merge - INFO - Merge analysis: 362 new, 5419 to update, 2150 unchanged
2026-03-06 11:36:14,019 - utils.incremental_merge - INFO - Adding 362 completely new records
2026-03-06 11:36:39,595 - utils.incremental_merge - INFO - Updated 5419 records, preserved 0 records
2026-03-06 11:36:41,314 - utils.incremental_merge - INFO - Merge complete: 7931 total records
2026-03-06 11:36:41,618 - root - INFO - Saved 7931 total records to data/collected/trains_20260306.csv
2026-03-06 11:36:41,618 - root - INFO - File size: 1812.13 KB
2026-03-06 11:36:41,710 - root - INFO - 
============================================================
2026-03-06 11:36:41,710 - root - INFO - COLLECTION SUMMARY
2026-03-06 11:36:41,710 - root - INFO - ============================================================
2026-03-06 11:36:41,710 - root - INFO - Total records: 5781
2026-03-06 11:36:41,711 - root - INFO - Unique trains: 489
2026-03-06 11:36:41,711 - root - INFO - Unique routes: 36
2026-03-06 11:36:41,712 - root - INFO - Unique stations: 278
2026-03-06 11:36:41,712 - root - INFO - 
Realtime data:
2026-03-06 11:36:41,712 - root - INFO -   - Modified states: 0 (0.0%)
2026-03-06 11:36:41,712 - root - INFO -   - Records with delays: 0 (0.0%)
2026-03-06 11:36:41,713 - root - INFO - ============================================================

2026-03-06 11:36:41,713 - __main__ - INFO - ============================================================
2026-03-06 11:36:41,713 - __main__ - INFO - COLLECTION COMPLETED SUCCESSFULLY
2026-03-06 11:36:41,713 - __main__ - INFO - ============================================================
