2026-03-21 04:06:49,590 - __main__ - INFO - ============================================================
2026-03-21 04:06:49,590 - __main__ - INFO - TRAIN DATA COLLECTION STARTED
2026-03-21 04:06:49,590 - __main__ - INFO - ============================================================
2026-03-21 04:06:49,591 - __main__ - INFO - Date: today
2026-03-21 04:06:49,591 - __main__ - INFO - Max routes: all
2026-03-21 04:06:49,591 - __main__ - INFO - Weather collection: disabled (use separate forecast collection)
2026-03-21 04:06:49,591 - __main__ - INFO - Mode: INCREMENTAL (merge)
2026-03-21 04:06:49,591 - __main__ - INFO - ============================================================

2026-03-21 04:06:49,591 - root - INFO - Collecting train data for 2026-03-21
2026-03-21 04:06:49,591 - root - INFO - Max routes: all
2026-03-21 04:47:51,058 - root - INFO - Fetched 4678 trains from API
2026-03-21 04:47:51,488 - root - INFO - Converted to DataFrame: 58569 rows × 23 columns
2026-03-21 04:47:51,495 - root - INFO - Filtered to relevant trains: 58569 → 8869 records (removed 49700 future departures)
2026-03-21 04:47:51,537 - root - INFO - Incremental save mode: 8869 new records
2026-03-21 04:47:51,551 - utils.incremental_merge - INFO - Loaded 2582 existing records from trains_20260321.csv
2026-03-21 04:47:51,664 - utils.incremental_merge - INFO - Merge analysis: 8869 new, 0 to update, 2582 unchanged
2026-03-21 04:47:51,727 - utils.incremental_merge - INFO - Adding 8869 completely new records
2026-03-21 04:47:51,727 - utils.incremental_merge - INFO - Updated 0 records, preserved 0 records
2026-03-21 04:47:51,731 - utils.incremental_merge - INFO - Merge complete: 11451 total records
2026-03-21 04:47:51,838 - root - INFO - Saved 11451 total records to data/collected/trains_20260321.csv
2026-03-21 04:47:51,838 - root - INFO - File size: 2681.08 KB
2026-03-21 04:47:51,891 - root - INFO - 
============================================================
2026-03-21 04:47:51,891 - root - INFO - COLLECTION SUMMARY
2026-03-21 04:47:51,891 - root - INFO - ============================================================
2026-03-21 04:47:51,891 - root - INFO - Total records: 8869
2026-03-21 04:47:51,892 - root - INFO - Unique trains: 894
2026-03-21 04:47:51,892 - root - INFO - Unique routes: 317
2026-03-21 04:47:51,893 - root - INFO - Unique stations: 1126
2026-03-21 04:47:51,893 - root - INFO - 
Realtime data:
2026-03-21 04:47:51,893 - root - INFO -   - Modified states: 3216 (36.3%)
2026-03-21 04:47:51,893 - root - INFO -   - Records with delays: 1390 (15.7%)
2026-03-21 04:47:51,895 - root - INFO -   - Average delay: 2.2 minutes
2026-03-21 04:47:51,895 - root - INFO -   - Max delay: 29.0 minutes
2026-03-21 04:47:51,896 - root - INFO -   - Min delay: -5.0 minutes
2026-03-21 04:47:51,896 - root - INFO - ============================================================

2026-03-21 04:47:51,896 - __main__ - INFO - ============================================================
2026-03-21 04:47:51,896 - __main__ - INFO - COLLECTION COMPLETED SUCCESSFULLY
2026-03-21 04:47:51,896 - __main__ - INFO - ============================================================
