2026-03-05 04:14:30,499 - __main__ - INFO - ============================================================
2026-03-05 04:14:30,499 - __main__ - INFO - TRAIN DATA COLLECTION STARTED
2026-03-05 04:14:30,499 - __main__ - INFO - ============================================================
2026-03-05 04:14:30,499 - __main__ - INFO - Date: today
2026-03-05 04:14:30,499 - __main__ - INFO - Max routes: 36
2026-03-05 04:14:30,499 - __main__ - INFO - Weather collection: disabled (use separate forecast collection)
2026-03-05 04:14:30,499 - __main__ - INFO - Mode: INCREMENTAL (merge)
2026-03-05 04:14:30,499 - __main__ - INFO - ============================================================

2026-03-05 04:14:30,499 - root - INFO - Collecting train data for 2026-03-05
2026-03-05 04:14:30,499 - root - INFO - Max routes: 36
2026-03-05 04:18:19,195 - root - INFO - Fetched 368 trains from API
2026-03-05 04:18:19,234 - root - INFO - Converted to DataFrame: 3730 rows × 23 columns
2026-03-05 04:18:19,245 - root - INFO - Incremental save mode: 3730 new records
2026-03-05 04:18:19,245 - utils.incremental_merge - INFO - No existing file at data/collected/trains_20260305.csv, returning new data
2026-03-05 04:18:19,282 - root - INFO - Saved 3730 total records to data/collected/trains_20260305.csv
2026-03-05 04:18:19,282 - root - INFO - File size: 858.07 KB
2026-03-05 04:18:19,307 - root - INFO - 
============================================================
2026-03-05 04:18:19,307 - root - INFO - COLLECTION SUMMARY
2026-03-05 04:18:19,307 - root - INFO - ============================================================
2026-03-05 04:18:19,307 - root - INFO - Total records: 3730
2026-03-05 04:18:19,307 - root - INFO - Unique trains: 368
2026-03-05 04:18:19,308 - root - INFO - Unique routes: 17
2026-03-05 04:18:19,308 - root - INFO - Unique stations: 186
2026-03-05 04:18:19,309 - root - INFO - 
Realtime data:
2026-03-05 04:18:19,309 - root - INFO -   - Modified states: 0 (0.0%)
2026-03-05 04:18:19,309 - root - INFO -   - Records with delays: 0 (0.0%)
2026-03-05 04:18:19,309 - root - INFO - ============================================================

2026-03-05 04:18:19,310 - __main__ - INFO - ============================================================
2026-03-05 04:18:19,310 - __main__ - INFO - COLLECTION COMPLETED SUCCESSFULLY
2026-03-05 04:18:19,310 - __main__ - INFO - ============================================================
