2026-03-07 20:26:41,535 - __main__ - INFO - ============================================================
2026-03-07 20:26:41,535 - __main__ - INFO - TRAIN DATA COLLECTION STARTED
2026-03-07 20:26:41,535 - __main__ - INFO - ============================================================
2026-03-07 20:26:41,535 - __main__ - INFO - Date: today
2026-03-07 20:26:41,535 - __main__ - INFO - Max routes: 36
2026-03-07 20:26:41,535 - __main__ - INFO - Weather collection: disabled (use separate forecast collection)
2026-03-07 20:26:41,535 - __main__ - INFO - Mode: INCREMENTAL (merge)
2026-03-07 20:26:41,535 - __main__ - INFO - ============================================================

2026-03-07 20:26:41,535 - root - INFO - Collecting train data for 2026-03-07
2026-03-07 20:26:41,535 - root - INFO - Max routes: 36
2026-03-07 20:31:17,152 - root - INFO - Fetched 457 trains from API
2026-03-07 20:31:17,203 - root - INFO - Converted to DataFrame: 5297 rows × 23 columns
2026-03-07 20:31:17,213 - root - INFO - Incremental save mode: 5297 new records
2026-03-07 20:31:17,246 - utils.incremental_merge - INFO - Loaded 8048 existing records from trains_20260307.csv
2026-03-07 20:31:17,375 - utils.incremental_merge - INFO - Merge analysis: 0 new, 5297 to update, 2751 unchanged
2026-03-07 20:31:17,396 - utils.incremental_merge - INFO - Adding 0 completely new records
2026-03-07 20:31:42,509 - utils.incremental_merge - INFO - Updated 5297 records, preserved 0 records
2026-03-07 20:31:44,155 - utils.incremental_merge - INFO - Merge complete: 8048 total records
2026-03-07 20:31:44,455 - root - INFO - Saved 8048 total records to data/collected/trains_20260307.csv
2026-03-07 20:31:44,455 - root - INFO - File size: 1838.48 KB
2026-03-07 20:31:44,546 - root - INFO - 
============================================================
2026-03-07 20:31:44,546 - root - INFO - COLLECTION SUMMARY
2026-03-07 20:31:44,546 - root - INFO - ============================================================
2026-03-07 20:31:44,546 - root - INFO - Total records: 5297
2026-03-07 20:31:44,547 - root - INFO - Unique trains: 457
2026-03-07 20:31:44,547 - root - INFO - Unique routes: 35
2026-03-07 20:31:44,548 - root - INFO - Unique stations: 267
2026-03-07 20:31:44,548 - root - INFO - 
Realtime data:
2026-03-07 20:31:44,548 - root - INFO -   - Modified states: 0 (0.0%)
2026-03-07 20:31:44,549 - root - INFO -   - Records with delays: 0 (0.0%)
2026-03-07 20:31:44,549 - root - INFO - ============================================================

2026-03-07 20:31:44,549 - __main__ - INFO - ============================================================
2026-03-07 20:31:44,549 - __main__ - INFO - COLLECTION COMPLETED SUCCESSFULLY
2026-03-07 20:31:44,549 - __main__ - INFO - ============================================================
