2026-03-10 04:11:15,835 - __main__ - INFO - ============================================================
2026-03-10 04:11:15,835 - __main__ - INFO - TRAIN DATA COLLECTION STARTED
2026-03-10 04:11:15,835 - __main__ - INFO - ============================================================
2026-03-10 04:11:15,835 - __main__ - INFO - Date: today
2026-03-10 04:11:15,835 - __main__ - INFO - Max routes: 36
2026-03-10 04:11:15,835 - __main__ - INFO - Weather collection: disabled (use separate forecast collection)
2026-03-10 04:11:15,835 - __main__ - INFO - Mode: INCREMENTAL (merge)
2026-03-10 04:11:15,835 - __main__ - INFO - ============================================================

2026-03-10 04:11:15,836 - root - INFO - Collecting train data for 2026-03-10
2026-03-10 04:11:15,836 - root - INFO - Max routes: 36
2026-03-10 04:15:26,132 - root - INFO - Fetched 474 trains from API
2026-03-10 04:15:26,185 - root - INFO - Converted to DataFrame: 5192 rows × 23 columns
2026-03-10 04:15:26,196 - root - INFO - Incremental save mode: 5192 new records
2026-03-10 04:15:26,196 - utils.incremental_merge - INFO - No existing file at data/collected/trains_20260310.csv, returning new data
2026-03-10 04:15:26,248 - root - INFO - Saved 5192 total records to data/collected/trains_20260310.csv
2026-03-10 04:15:26,248 - root - INFO - File size: 1187.19 KB
2026-03-10 04:15:26,279 - root - INFO - 
============================================================
2026-03-10 04:15:26,279 - root - INFO - COLLECTION SUMMARY
2026-03-10 04:15:26,279 - root - INFO - ============================================================
2026-03-10 04:15:26,279 - root - INFO - Total records: 5192
2026-03-10 04:15:26,280 - root - INFO - Unique trains: 474
2026-03-10 04:15:26,280 - root - INFO - Unique routes: 25
2026-03-10 04:15:26,280 - root - INFO - Unique stations: 244
2026-03-10 04:15:26,281 - root - INFO - 
Realtime data:
2026-03-10 04:15:26,282 - root - INFO -   - Modified states: 0 (0.0%)
2026-03-10 04:15:26,282 - root - INFO -   - Records with delays: 0 (0.0%)
2026-03-10 04:15:26,282 - root - INFO - ============================================================

2026-03-10 04:15:26,282 - __main__ - INFO - ============================================================
2026-03-10 04:15:26,282 - __main__ - INFO - COLLECTION COMPLETED SUCCESSFULLY
2026-03-10 04:15:26,282 - __main__ - INFO - ============================================================
